lscpu output saved to lscpu_output.txt
Checking CPU model...

------------------------------------------------------------
Sender: LSF System <lsfadmin@hpc.dtu.dk>
Subject: Job 24679908: <check_cpu> in cluster <dcc> Done

Job <check_cpu> was submitted from host <n-62-30-2> by user <s243659> in cluster <dcc> at Wed Apr 16 16:25:38 2025
Job was executed on host(s) <n-62-11-65>, in queue <hpc>, as user <s243659> in cluster <dcc> at Wed Apr 16 16:25:38 2025
</zhome/09/4/214408> was used as the home directory.
</zhome/09/4/214408/02613_PyHPC/miniproject> was used as the working directory.
Started at Wed Apr 16 16:25:38 2025
Terminated at Wed Apr 16 16:25:39 2025
Results reported at Wed Apr 16 16:25:39 2025

Your job looked like:

------------------------------------------------------------
# LSBATCH: User input
#!/bin/bash
#BSUB -J check_cpu
#BSUB -q hpc
#BSUB -W 02:00
#BSUB -R "select[model==XeonGold6226R]"
#BSUB -R "span[hosts=1]"
lscpu > lscpu_output.txt
echo "lscpu output saved to lscpu_output.txt"
echo "Checking CPU model..."

------------------------------------------------------------

Successfully completed.

Resource usage summary:

    CPU time :                                   0.37 sec.
    Max Memory :                                 -
    Average Memory :                             -
    Total Requested Memory :                     1024.00 MB
    Delta Memory :                               -
    Max Swap :                                   -
    Max Processes :                              -
    Max Threads :                                -
    Run time :                                   1 sec.
    Turnaround time :                            1 sec.

The output (if any) is above this job summary.

