Using 20 floor plan(s), and Numba JIT implementation
['10997', '5322', '7512', '10417', '2595', '6647', '7767', '3514', '22485', '11042', '8674', '7748', '45383', '13577', '29753', '47673', '11463', '51673', '1854', '47259']
[5.08286515600048, 1.2811420250218362, 3.4405944691970944, 0.6160368891432881, 4.420088256942108, 2.775710416957736, 1.5178457200527191, 1.4380119040142745, 4.477793323807418, 4.612772402819246, 0.49741276702843606, 3.732922347029671, 4.097299831919372, 5.30134741589427, 4.156793690053746, 4.9116091129835695, 0.7480573069769889, 0.9700327089522034, 2.494995475979522, 2.3855945689138025]

------------------------------------------------------------
Sender: LSF System <lsfadmin@hpc.dtu.dk>
Subject: Job 24787064: <mini_proj_task_7> in cluster <dcc> Done

Job <mini_proj_task_7> was submitted from host <n-62-27-18> by user <s243659> in cluster <dcc> at Thu Apr 24 15:00:11 2025
Job was executed on host(s) <4*n-62-11-53>, in queue <hpc>, as user <s243659> in cluster <dcc> at Thu Apr 24 15:00:11 2025
</zhome/09/4/214408> was used as the home directory.
</zhome/09/4/214408/02613_PyHPC/miniproject> was used as the working directory.
Started at Thu Apr 24 15:00:11 2025
Terminated at Thu Apr 24 15:01:15 2025
Results reported at Thu Apr 24 15:01:15 2025

Your job looked like:

------------------------------------------------------------
# LSBATCH: User input
#!/bin/bash
#BSUB -J mini_proj_task_7
#BSUB -q hpc
#BSUB -W 24:00
#BSUB -R "rusage[mem=3GB]"
#BSUB -R "select[model==XeonGold6226R]"
#BSUB -R "span[hosts=1]"
#BSUB -n 4
#BSUB -o task7_%J.out
#BSUB -e task7_%J.err

# Initialize Python environment 
source /dtu/projects/02613_2025/conda/conda_init.sh
conda activate 02613

# Run Python script 
python task7.py 20

------------------------------------------------------------

Successfully completed.

Resource usage summary:

    CPU time :                                   61.99 sec.
    Max Memory :                                 166 MB
    Average Memory :                             166.00 MB
    Total Requested Memory :                     12288.00 MB
    Delta Memory :                               12122.00 MB
    Max Swap :                                   -
    Max Processes :                              4
    Max Threads :                                5
    Run time :                                   174 sec.
    Turnaround time :                            64 sec.

The output (if any) is above this job summary.



PS:

Read file <task7_24787064.err> for stderr output of this job.

