Using 100 floor plan(s) and maximum number of 32 processors
Experiment timing for 100 floor plans with up to 32 processors, starting from 1 processor

------------------------------------------------------------
Sender: LSF System <lsfadmin@hpc.dtu.dk>
Subject: Job 24878655: <mini_proj_task_6> in cluster <dcc> Exited

Job <mini_proj_task_6> was submitted from host <n-62-30-3> by user <s242930> in cluster <dcc> at Sat May  3 16:13:44 2025
Job was executed on host(s) <32*n-62-11-60>, in queue <hpc>, as user <s242930> in cluster <dcc> at Sat May  3 16:13:45 2025
</zhome/79/1/213446> was used as the home directory.
</zhome/79/1/213446/HPC/HPC-project/miniproject> was used as the working directory.
Started at Sat May  3 16:13:45 2025
Terminated at Sat May  3 16:19:08 2025
Results reported at Sat May  3 16:19:08 2025

Your job looked like:

------------------------------------------------------------
# LSBATCH: User input
#!/bin/bash
#BSUB -J mini_proj_task_6
#BSUB -q hpc
#BSUB -W 24:00
#BSUB -R "rusage[mem=1GB]"
#BSUB -R "select[model==XeonGold6226R]"
#BSUB -R "span[hosts=1]"
#BSUB -n 32
#BSUB -o bash_output/task6v2_%J.out
#BSUB -e bash_output/task6v2_%J.err

# Initialize Python environment 
source /dtu/projects/02613_2025/conda/conda_init.sh
conda activate 02613

# Run Python script 
python task6.py 100 32

------------------------------------------------------------

TERM_OWNER: job killed by owner.
Exited with exit code 130.

Resource usage summary:

    CPU time :                                   322.64 sec.
    Max Memory :                                 369 MB
    Average Memory :                             351.40 MB
    Total Requested Memory :                     32768.00 MB
    Delta Memory :                               32399.00 MB
    Max Swap :                                   -
    Max Processes :                              5
    Max Threads :                                9
    Run time :                                   357 sec.
    Turnaround time :                            324 sec.

The output (if any) is above this job summary.



PS:

Read file <bash_output/task6v2_24878655.err> for stderr output of this job.

