Loaded module: cuda/11.8
Process ForkPoolWorker-1:
Traceback (most recent call last):
  File "/dtu/projects/02613_2025/conda/miniconda3/envs/02613/lib/python3.11/multiprocessing/process.py", line 314, in _bootstrap
    self.run()
  File "/dtu/projects/02613_2025/conda/miniconda3/envs/02613/lib/python3.11/multiprocessing/process.py", line 108, in run
    self._target(*self._args, **self._kwargs)
  File "/dtu/projects/02613_2025/conda/miniconda3/envs/02613/lib/python3.11/multiprocessing/pool.py", line 125, in worker
    result = (True, func(*args, **kwds))
                    ^^^^^^^^^^^^^^^^^^^
  File "/zhome/79/1/213446/HPC/HPC-project/miniproject/task6.py", line 65, in jacobi_wrapper
    return jacobi(u0, interior_mask, max_iter, abs_tol)
           ^^^^^^^^^^^^^^^^^^^^^^^^^^^^^^^^^^^^^^^^^^^^
  File "/zhome/79/1/213446/HPC/HPC-project/miniproject/task6.py", line 24, in jacobi
    delta=np.abs(u[1:-1,1:-1][interior_mask]-u_new_interior).max()
          ^^^^^^^^^^^^^^^^^^^^^^^^^^^^^^^^^^^^^^^^^^^^^^^^^^
KeyboardInterrupt
Traceback (most recent call last):
  File "/zhome/79/1/213446/HPC/HPC-project/miniproject/task6.py", line 77, in <module>
    result = [res.get() for res in results]
             ^^^^^^^^^^^^^^^^^^^^^^^^^^^^^^
  File "/zhome/79/1/213446/HPC/HPC-project/miniproject/task6.py", line 77, in <listcomp>
    result = [res.get() for res in results]
              ^^^^^^^^^
  File "/dtu/projects/02613_2025/conda/miniconda3/envs/02613/lib/python3.11/multiprocessing/pool.py", line 768, in get
    self.wait(timeout)
  File "/dtu/projects/02613_2025/conda/miniconda3/envs/02613/lib/python3.11/multiprocessing/pool.py", line 765, in wait
    self._event.wait(timeout)
  File "/dtu/projects/02613_2025/conda/miniconda3/envs/02613/lib/python3.11/threading.py", line 622, in wait
    signaled = self._cond.wait(timeout)
               ^^^^^^^^^^^^^^^^^^^^^^^^
  File "/dtu/projects/02613_2025/conda/miniconda3/envs/02613/lib/python3.11/threading.py", line 320, in wait
    waiter.acquire()
KeyboardInterrupt
